<?xml version="1.0" encoding="UTF-8"?>
<!-- Generated by org.testng.reporters.JUnitXMLReporter -->
<testsuite ignored="0" hostname="LAPTOP-KSRF7IKI" failures="0" tests="10" name="Default test" time="3.464" errors="0" timestamp="2024-10-22T19:32:44 IST">
  <testcase classname="defaultPackage.Intro" name="Certifications" time="0.09"/>
  <testcase classname="defaultPackage.Intro" name="ContactDetails" time="0.133"/>
  <testcase classname="defaultPackage.Intro" name="EducationDetails" time="0.156"/>
  <testcase classname="defaultPackage.Intro" name="Experience" time="0.16"/>
  <testcase classname="defaultPackage.Intro" name="Interest" time="0.079"/>
  <testcase classname="defaultPackage.Intro" name="Languages" time="0.074"/>
  <testcase classname="defaultPackage.Intro" name="ProfessionalSkills" time="0.073"/>
  <testcase classname="defaultPackage.Intro" name="Profile" time="0.016"/>
  <testcase classname="defaultPackage.Intro" name="ProfileDetails" time="0.021"/>
  <testcase classname="defaultPackage.Intro" name="WordOccurences" time="0.032"/>
</testsuite> <!-- Default test -->
