<?xml version="1.0" encoding="UTF-8"?>
<testng-results ignored="0" total="10" passed="10" failed="0" skipped="0">
  <reporter-output>
  </reporter-output>
  <suite started-at="2024-10-22T19:32:41 IST" name="Default suite" finished-at="2024-10-22T19:32:44 IST" duration-ms="3464">
    <groups>
    </groups>
    <test started-at="2024-10-22T19:32:41 IST" name="Default test" finished-at="2024-10-22T19:32:44 IST" duration-ms="3464">
      <class name="defaultPackage.Intro">
        <test-method is-config="true" signature="prerequiste()[pri:0, instance:defaultPackage.Intro@ffaa6af]" started-at="2024-10-22T19:32:41 IST" name="prerequiste" finished-at="2024-10-22T19:32:43 IST" duration-ms="2355" status="PASS">
          <reporter-output>
          </reporter-output>
        </test-method> <!-- prerequiste -->
        <test-method signature="Certifications()[pri:0, instance:defaultPackage.Intro@ffaa6af]" started-at="2024-10-22T19:32:43 IST" name="Certifications" finished-at="2024-10-22T19:32:43 IST" duration-ms="90" status="PASS">
          <reporter-output>
          </reporter-output>
        </test-method> <!-- Certifications -->
        <test-method signature="ContactDetails()[pri:0, instance:defaultPackage.Intro@ffaa6af]" started-at="2024-10-22T19:32:43 IST" name="ContactDetails" finished-at="2024-10-22T19:32:44 IST" duration-ms="133" status="PASS">
          <reporter-output>
          </reporter-output>
        </test-method> <!-- ContactDetails -->
        <test-method signature="EducationDetails()[pri:0, instance:defaultPackage.Intro@ffaa6af]" started-at="2024-10-22T19:32:44 IST" name="EducationDetails" finished-at="2024-10-22T19:32:44 IST" duration-ms="156" status="PASS">
          <reporter-output>
          </reporter-output>
        </test-method> <!-- EducationDetails -->
        <test-method signature="Experience()[pri:0, instance:defaultPackage.Intro@ffaa6af]" started-at="2024-10-22T19:32:44 IST" name="Experience" finished-at="2024-10-22T19:32:44 IST" duration-ms="160" status="PASS">
          <reporter-output>
          </reporter-output>
        </test-method> <!-- Experience -->
        <test-method signature="Interest()[pri:0, instance:defaultPackage.Intro@ffaa6af]" started-at="2024-10-22T19:32:44 IST" name="Interest" finished-at="2024-10-22T19:32:44 IST" duration-ms="79" status="PASS">
          <reporter-output>
          </reporter-output>
        </test-method> <!-- Interest -->
        <test-method signature="Languages()[pri:0, instance:defaultPackage.Intro@ffaa6af]" started-at="2024-10-22T19:32:44 IST" name="Languages" finished-at="2024-10-22T19:32:44 IST" duration-ms="74" status="PASS">
          <reporter-output>
          </reporter-output>
        </test-method> <!-- Languages -->
        <test-method signature="ProfessionalSkills()[pri:0, instance:defaultPackage.Intro@ffaa6af]" started-at="2024-10-22T19:32:44 IST" name="ProfessionalSkills" finished-at="2024-10-22T19:32:44 IST" duration-ms="73" status="PASS">
          <reporter-output>
          </reporter-output>
        </test-method> <!-- ProfessionalSkills -->
        <test-method signature="Profile()[pri:0, instance:defaultPackage.Intro@ffaa6af]" started-at="2024-10-22T19:32:44 IST" name="Profile" finished-at="2024-10-22T19:32:44 IST" duration-ms="16" status="PASS">
          <reporter-output>
          </reporter-output>
        </test-method> <!-- Profile -->
        <test-method signature="ProfileDetails()[pri:0, instance:defaultPackage.Intro@ffaa6af]" started-at="2024-10-22T19:32:44 IST" name="ProfileDetails" finished-at="2024-10-22T19:32:44 IST" duration-ms="21" status="PASS">
          <reporter-output>
          </reporter-output>
        </test-method> <!-- ProfileDetails -->
        <test-method signature="WordOccurences()[pri:0, instance:defaultPackage.Intro@ffaa6af]" started-at="2024-10-22T19:32:44 IST" name="WordOccurences" finished-at="2024-10-22T19:32:44 IST" duration-ms="32" status="PASS">
          <reporter-output>
          </reporter-output>
        </test-method> <!-- WordOccurences -->
        <test-method is-config="true" signature="Closure()[pri:0, instance:defaultPackage.Intro@ffaa6af]" started-at="2024-10-22T19:32:44 IST" name="Closure" finished-at="2024-10-22T19:32:44 IST" duration-ms="236" status="PASS">
          <reporter-output>
          </reporter-output>
        </test-method> <!-- Closure -->
      </class> <!-- defaultPackage.Intro -->
    </test> <!-- Default test -->
  </suite> <!-- Default suite -->
</testng-results>
